0 info it worked if it ends with ok
1 verbose cli [ '/usr/local/Cellar/node/9.5.0/bin/node',
1 verbose cli   '/usr/local/bin/npm',
1 verbose cli   'run',
1 verbose cli   'compile' ]
2 info using npm@5.6.0
3 info using node@v9.5.0
4 verbose run-script [ 'precompile', 'compile', 'postcompile' ]
5 info lifecycle dx-code-companion@0.0.1~precompile: dx-code-companion@0.0.1
6 info lifecycle dx-code-companion@0.0.1~compile: dx-code-companion@0.0.1
7 verbose lifecycle dx-code-companion@0.0.1~compile: unsafe-perm in lifecycle true
8 verbose lifecycle dx-code-companion@0.0.1~compile: PATH: /usr/local/lib/node_modules/npm/node_modules/npm-lifecycle/node-gyp-bin:/Users/mohith/Desktop/CodeCompanion/dx-code-companion/node_modules/.bin:/Library/Frameworks/Python.framework/Versions/3.6/bin:/usr/local/bin:/usr/bin:/bin:/usr/sbin:/sbin:/Library/Frameworks/Python.framework/Versions/3.6/bin:/usr/java/jdk1.8.0_111-b14/bin:/Users/mohith/Desktop/Tools:/Users/mohith/Desktop/PredictionIO/apache-predictionio-0.10.0-incubating/PredictionIO-0.10.0-incubating/bin:/Users/mohith/scala-2.12.1/bin:/Users/mohith/Desktop/PredictionIO/apache-predictionio-0.10.0-incubating/PredictionIO-0.10.0-incubating/vendors/spark-1.5.1-bin-hadoop2.6/bin:/Users/mohith/sbt/bin:/usr/java/jdk1.8.0_111-b14/bin:/Users/mohith/Desktop/Tools:/Users/mohith/Desktop/PredictionIO/apache-predictionio-0.10.0-incubating/PredictionIO-0.10.0-incubating/bin:/Users/mohith/scala-2.12.1/bin:/Users/mohith/Desktop/PredictionIO/apache-predictionio-0.10.0-incubating/PredictionIO-0.10.0-incubating/vendors/spark-1.5.1-bin-hadoop2.6/bin:/Users/mohith/sbt/bin
9 verbose lifecycle dx-code-companion@0.0.1~compile: CWD: /Users/mohith/Desktop/CodeCompanion/dx-code-companion
10 silly lifecycle dx-code-companion@0.0.1~compile: Args: [ '-c', 'tsc -p ./' ]
11 silly lifecycle dx-code-companion@0.0.1~compile: Returned: code: 2  signal: null
12 info lifecycle dx-code-companion@0.0.1~compile: Failed to exec compile script
13 verbose stack Error: dx-code-companion@0.0.1 compile: `tsc -p ./`
13 verbose stack Exit status 2
13 verbose stack     at EventEmitter.<anonymous> (/usr/local/lib/node_modules/npm/node_modules/npm-lifecycle/index.js:285:16)
13 verbose stack     at EventEmitter.emit (events.js:160:13)
13 verbose stack     at ChildProcess.<anonymous> (/usr/local/lib/node_modules/npm/node_modules/npm-lifecycle/lib/spawn.js:55:14)
13 verbose stack     at ChildProcess.emit (events.js:160:13)
13 verbose stack     at maybeClose (internal/child_process.js:943:16)
13 verbose stack     at Process.ChildProcess._handle.onexit (internal/child_process.js:220:5)
14 verbose pkgid dx-code-companion@0.0.1
15 verbose cwd /Users/mohith/Desktop/CodeCompanion/dx-code-companion
16 verbose Darwin 18.2.0
17 verbose argv "/usr/local/Cellar/node/9.5.0/bin/node" "/usr/local/bin/npm" "run" "compile"
18 verbose node v9.5.0
19 verbose npm  v5.6.0
20 error code ELIFECYCLE
21 error errno 2
22 error dx-code-companion@0.0.1 compile: `tsc -p ./`
22 error Exit status 2
23 error Failed at the dx-code-companion@0.0.1 compile script.
23 error This is probably not a problem with npm. There is likely additional logging output above.
24 verbose exit [ 2, true ]
